  [4;36;1mSQL (0.1ms)[0m   [0;1mSET NAMES 'utf8'[0m
  [4;35;1mSQL (0.1ms)[0m   [0mSET SQL_AUTO_IS_NULL=0[0m


Processing ApplicationController#index (for 127.0.0.1 at 2010-10-04 15:01:24) [GET]

ActionController::RoutingError (No route matches "/admin/index" with {:method=>:get}):
  /usr/lib/ruby/1.8/mongrel.rb:159:in `process_client'
  /usr/lib/ruby/1.8/mongrel.rb:158:in `each'
  /usr/lib/ruby/1.8/mongrel.rb:158:in `process_client'
  /usr/lib/ruby/1.8/mongrel.rb:285:in `run'
  /usr/lib/ruby/1.8/mongrel.rb:285:in `initialize'
  /usr/lib/ruby/1.8/mongrel.rb:285:in `new'
  /usr/lib/ruby/1.8/mongrel.rb:285:in `run'
  /usr/lib/ruby/1.8/mongrel.rb:268:in `initialize'
  /usr/lib/ruby/1.8/mongrel.rb:268:in `new'
  /usr/lib/ruby/1.8/mongrel.rb:268:in `run'

Rendering rescues/layout (not_found)
  [4;36;1mSQL (0.1ms)[0m   [0;1mSET NAMES 'utf8'[0m
  [4;35;1mSQL (0.1ms)[0m   [0mSET SQL_AUTO_IS_NULL=0[0m


Processing ApplicationController#index (for 127.0.0.1 at 2010-10-04 15:01:53) [GET]

ActionController::RoutingError (No route matches "/admin/index" with {:method=>:get}):
  /usr/lib/ruby/1.8/mongrel.rb:159:in `process_client'
  /usr/lib/ruby/1.8/mongrel.rb:158:in `each'
  /usr/lib/ruby/1.8/mongrel.rb:158:in `process_client'
  /usr/lib/ruby/1.8/mongrel.rb:285:in `run'
  /usr/lib/ruby/1.8/mongrel.rb:285:in `initialize'
  /usr/lib/ruby/1.8/mongrel.rb:285:in `new'
  /usr/lib/ruby/1.8/mongrel.rb:285:in `run'
  /usr/lib/ruby/1.8/mongrel.rb:268:in `initialize'
  /usr/lib/ruby/1.8/mongrel.rb:268:in `new'
  /usr/lib/ruby/1.8/mongrel.rb:268:in `run'

Rendering rescues/layout (not_found)
  [4;36;1mSQL (0.1ms)[0m   [0;1mSET NAMES 'utf8'[0m
  [4;35;1mSQL (0.4ms)[0m   [0mSET SQL_AUTO_IS_NULL=0[0m


Processing ApplicationController#index (for 127.0.0.1 at 2010-10-04 15:01:54) [GET]

ActionController::RoutingError (No route matches "/admin/index" with {:method=>:get}):
  /usr/lib/ruby/1.8/mongrel.rb:159:in `process_client'
  /usr/lib/ruby/1.8/mongrel.rb:158:in `each'
  /usr/lib/ruby/1.8/mongrel.rb:158:in `process_client'
  /usr/lib/ruby/1.8/mongrel.rb:285:in `run'
  /usr/lib/ruby/1.8/mongrel.rb:285:in `initialize'
  /usr/lib/ruby/1.8/mongrel.rb:285:in `new'
  /usr/lib/ruby/1.8/mongrel.rb:285:in `run'
  /usr/lib/ruby/1.8/mongrel.rb:268:in `initialize'
  /usr/lib/ruby/1.8/mongrel.rb:268:in `new'
  /usr/lib/ruby/1.8/mongrel.rb:268:in `run'

Rendering rescues/layout (not_found)
  [4;36;1mSQL (0.1ms)[0m   [0;1mSET NAMES 'utf8'[0m
  [4;35;1mSQL (0.1ms)[0m   [0mSET SQL_AUTO_IS_NULL=0[0m


Processing ApplicationController#index (for 127.0.0.1 at 2010-10-04 15:03:28) [GET]

ActionController::RoutingError (No route matches "/admin/index" with {:method=>:get}):
  /usr/lib/ruby/1.8/mongrel.rb:159:in `process_client'
  /usr/lib/ruby/1.8/mongrel.rb:158:in `each'
  /usr/lib/ruby/1.8/mongrel.rb:158:in `process_client'
  /usr/lib/ruby/1.8/mongrel.rb:285:in `run'
  /usr/lib/ruby/1.8/mongrel.rb:285:in `initialize'
  /usr/lib/ruby/1.8/mongrel.rb:285:in `new'
  /usr/lib/ruby/1.8/mongrel.rb:285:in `run'
  /usr/lib/ruby/1.8/mongrel.rb:268:in `initialize'
  /usr/lib/ruby/1.8/mongrel.rb:268:in `new'
  /usr/lib/ruby/1.8/mongrel.rb:268:in `run'

Rendering rescues/layout (not_found)
  [4;36;1mSQL (0.1ms)[0m   [0;1mSET NAMES 'utf8'[0m
  [4;35;1mSQL (0.1ms)[0m   [0mSET SQL_AUTO_IS_NULL=0[0m


Processing ApplicationController#index (for 127.0.0.1 at 2010-10-04 15:03:28) [GET]

ActionController::RoutingError (No route matches "/admin/index" with {:method=>:get}):
  /usr/lib/ruby/1.8/mongrel.rb:159:in `process_client'
  /usr/lib/ruby/1.8/mongrel.rb:158:in `each'
  /usr/lib/ruby/1.8/mongrel.rb:158:in `process_client'
  /usr/lib/ruby/1.8/mongrel.rb:285:in `run'
  /usr/lib/ruby/1.8/mongrel.rb:285:in `initialize'
  /usr/lib/ruby/1.8/mongrel.rb:285:in `new'
  /usr/lib/ruby/1.8/mongrel.rb:285:in `run'
  /usr/lib/ruby/1.8/mongrel.rb:268:in `initialize'
  /usr/lib/ruby/1.8/mongrel.rb:268:in `new'
  /usr/lib/ruby/1.8/mongrel.rb:268:in `run'

Rendering rescues/layout (not_found)
  [4;36;1mSQL (0.2ms)[0m   [0;1mSET NAMES 'utf8'[0m
  [4;35;1mSQL (0.1ms)[0m   [0mSET SQL_AUTO_IS_NULL=0[0m


Processing ApplicationController#index (for 127.0.0.1 at 2010-10-04 15:03:29) [GET]

ActionController::RoutingError (No route matches "/admin/index" with {:method=>:get}):
  /usr/lib/ruby/1.8/mongrel.rb:159:in `process_client'
  /usr/lib/ruby/1.8/mongrel.rb:158:in `each'
  /usr/lib/ruby/1.8/mongrel.rb:158:in `process_client'
  /usr/lib/ruby/1.8/mongrel.rb:285:in `run'
  /usr/lib/ruby/1.8/mongrel.rb:285:in `initialize'
  /usr/lib/ruby/1.8/mongrel.rb:285:in `new'
  /usr/lib/ruby/1.8/mongrel.rb:285:in `run'
  /usr/lib/ruby/1.8/mongrel.rb:268:in `initialize'
  /usr/lib/ruby/1.8/mongrel.rb:268:in `new'
  /usr/lib/ruby/1.8/mongrel.rb:268:in `run'

Rendering rescues/layout (not_found)
  [4;36;1mSQL (0.2ms)[0m   [0;1mSET NAMES 'utf8'[0m
  [4;35;1mSQL (0.1ms)[0m   [0mSET SQL_AUTO_IS_NULL=0[0m


Processing ApplicationController#index (for 127.0.0.1 at 2010-10-04 15:03:29) [GET]

ActionController::RoutingError (No route matches "/admin/index" with {:method=>:get}):
  /usr/lib/ruby/1.8/mongrel.rb:159:in `process_client'
  /usr/lib/ruby/1.8/mongrel.rb:158:in `each'
  /usr/lib/ruby/1.8/mongrel.rb:158:in `process_client'
  /usr/lib/ruby/1.8/mongrel.rb:285:in `run'
  /usr/lib/ruby/1.8/mongrel.rb:285:in `initialize'
  /usr/lib/ruby/1.8/mongrel.rb:285:in `new'
  /usr/lib/ruby/1.8/mongrel.rb:285:in `run'
  /usr/lib/ruby/1.8/mongrel.rb:268:in `initialize'
  /usr/lib/ruby/1.8/mongrel.rb:268:in `new'
  /usr/lib/ruby/1.8/mongrel.rb:268:in `run'

Rendering rescues/layout (not_found)
  [4;36;1mSQL (0.2ms)[0m   [0;1mSET NAMES 'utf8'[0m
  [4;35;1mSQL (0.1ms)[0m   [0mSET SQL_AUTO_IS_NULL=0[0m


Processing ApplicationController#index (for 127.0.0.1 at 2010-10-04 15:03:29) [GET]

ActionController::RoutingError (No route matches "/admin/index" with {:method=>:get}):
  /usr/lib/ruby/1.8/mongrel.rb:159:in `process_client'
  /usr/lib/ruby/1.8/mongrel.rb:158:in `each'
  /usr/lib/ruby/1.8/mongrel.rb:158:in `process_client'
  /usr/lib/ruby/1.8/mongrel.rb:285:in `run'
  /usr/lib/ruby/1.8/mongrel.rb:285:in `initialize'
  /usr/lib/ruby/1.8/mongrel.rb:285:in `new'
  /usr/lib/ruby/1.8/mongrel.rb:285:in `run'
  /usr/lib/ruby/1.8/mongrel.rb:268:in `initialize'
  /usr/lib/ruby/1.8/mongrel.rb:268:in `new'
  /usr/lib/ruby/1.8/mongrel.rb:268:in `run'

Rendering rescues/layout (not_found)
  [4;36;1mSQL (0.1ms)[0m   [0;1mSET NAMES 'utf8'[0m
  [4;35;1mSQL (0.1ms)[0m   [0mSET SQL_AUTO_IS_NULL=0[0m


Processing Rails::InfoController#properties (for 127.0.0.1 at 2010-10-04 15:03:48) [GET]
  [4;36;1mSQL (17.4ms)[0m   [0;1mSHOW TABLES[0m
Completed in 120ms (View: 21, DB: 18) | 200 OK [http://localhost/rails/info/properties]
  [4;35;1mSQL (0.2ms)[0m   [0mSET NAMES 'utf8'[0m
  [4;36;1mSQL (0.1ms)[0m   [0;1mSET SQL_AUTO_IS_NULL=0[0m


Processing ApplicationController#index (for 127.0.0.1 at 2010-10-04 15:05:12) [GET]

ActionController::RoutingError (No route matches "/" with {:method=>:get}):
  /usr/lib/ruby/1.8/mongrel.rb:159:in `process_client'
  /usr/lib/ruby/1.8/mongrel.rb:158:in `each'
  /usr/lib/ruby/1.8/mongrel.rb:158:in `process_client'
  /usr/lib/ruby/1.8/mongrel.rb:285:in `run'
  /usr/lib/ruby/1.8/mongrel.rb:285:in `initialize'
  /usr/lib/ruby/1.8/mongrel.rb:285:in `new'
  /usr/lib/ruby/1.8/mongrel.rb:285:in `run'
  /usr/lib/ruby/1.8/mongrel.rb:268:in `initialize'
  /usr/lib/ruby/1.8/mongrel.rb:268:in `new'
  /usr/lib/ruby/1.8/mongrel.rb:268:in `run'

Rendering rescues/layout (not_found)
  [4;35;1mSQL (0.1ms)[0m   [0mSET NAMES 'utf8'[0m
  [4;36;1mSQL (0.1ms)[0m   [0;1mSET SQL_AUTO_IS_NULL=0[0m


Processing HomeController#index (for 127.0.0.1 at 2010-10-04 15:05:54) [GET]
Rendering home/index
Completed in 56ms (View: 54, DB: 0) | 200 OK [http://localhost/]
  [4;35;1mSQL (0.1ms)[0m   [0mSET NAMES 'utf8'[0m
  [4;36;1mSQL (0.1ms)[0m   [0;1mSET SQL_AUTO_IS_NULL=0[0m


Processing HomeController#index (for 127.0.0.1 at 2010-10-04 15:08:29) [GET]
Rendering home/index
Completed in 2ms (View: 1, DB: 0) | 200 OK [http://localhost/]
